<?xml version="1.0" encoding="UTF-8"?>
<!-- Generated by org.testng.reporters.JUnitReportReporter -->
<testsuite hostname="LAPTOP-96HS0RCO" failures="0" tests="1" name="Streams.Test1" time="0.005" errors="0" timestamp="2023-01-28T10:54:26 EST" skipped="0">
  <testcase classname="Streams.Test1" name="regular" time="0.005"/>
  <system-out/>
</testsuite> <!-- Streams.Test1 -->
